Arguments: 
  /usr/local/Cellar/node/12.4.0/bin/node /usr/local/Cellar/yarn/1.16.0/libexec/bin/yarn.js add pantone-css

PATH: 
  /usr/local/bin:/usr/bin:/bin:/usr/sbin:/sbin:/Library/Apple/usr/bin:/Library/Apple/bin:/Applications/VMware Fusion.app/Contents/Public:/Library/Frameworks/Mono.framework/Versions/Current/Commands

Yarn version: 
  1.16.0

Node version: 
  12.4.0

Platform: 
  darwin x64

Trace: 
  SyntaxError: /Users/kristian/Projects/Shop Local/shop-local-theme/package.json: Unexpected token } in JSON at position 873
      at JSON.parse (<anonymous>)
      at /usr/local/Cellar/yarn/1.16.0/libexec/lib/cli.js:1625:59
      at Generator.next (<anonymous>)
      at step (/usr/local/Cellar/yarn/1.16.0/libexec/lib/cli.js:304:30)
      at /usr/local/Cellar/yarn/1.16.0/libexec/lib/cli.js:315:13

npm manifest: 
  {
    "name": "shop-local-theme",
    "description": "Shop Local theme.",
    "main": "gulpfile.js",
    "author": "Kristian Matthews",
    "scripts": {
      "start": "./node_modules/.bin/gulp docs"
    },
    "devDependencies": {
      "babel-core": "^6.26.0",
      "babel-plugin-transform-es2015-modules-strip": "^0.1.1",
      "babel-plugin-transform-object-rest-spread": "^6.26.0",
      "babel-preset-es2015": "^6.24.1",
      "gulp": "^3.9.1",
      "gulp-autoprefixer": "^4.0.0",
      "gulp-babel": "^7.0.0",
      "gulp-clean-css": "^3.8.0",
      "gulp-concat": "^2.6.1",
      "gulp-connect": "^5.0.0",
      "gulp-open": "^2.0.0",
      "gulp-rename": "^1.2.2",
      "gulp-replace": "^0.6.1",
      "gulp-sass": "^3.1.0",
      "gulp-sourcemaps": "^2.6.1",
      "gulp-uglify": "^3.0.0",
      "gulp-wrapper": "^1.0.0"
    },
    "files": [
      "dist/*",
      "docs/*",
      "fonts/*",
      "js/*",
      "scss/*"
  ],
  }

yarn manifest: 
  No manifest

Lockfile: 
  No lockfile
